[INFO] Scanning for projects...
[INFO] 
[INFO] -------------------------< com.example:my-app >-------------------------
[INFO] Building my-app 1.0-SNAPSHOT
[INFO] --------------------------------[ jar ]---------------------------------
[INFO] 
[INFO] --- maven-clean-plugin:2.5:clean (default-clean) @ my-app ---
[INFO] Deleting /home/ubuntu/devop/automation/my-app/target
[INFO] 
[INFO] --- maven-resources-plugin:2.6:resources (default-resources) @ my-app ---
[INFO] Using 'UTF-8' encoding to copy filtered resources.
[INFO] skip non existing resourceDirectory /home/ubuntu/devop/automation/my-app/src/main/resources
[INFO] 
[INFO] --- maven-compiler-plugin:3.11.0:compile (default-compile) @ my-app ---
[INFO] Changes detected - recompiling the module! :source
[INFO] Compiling 1 source file with javac [debug target 17] to target/classes
[WARNING] system modules path not set in conjunction with -source 17
[INFO] 
[INFO] --- maven-resources-plugin:2.6:testResources (default-testResources) @ my-app ---
[INFO] Using 'UTF-8' encoding to copy filtered resources.
[INFO] skip non existing resourceDirectory /home/ubuntu/devop/automation/my-app/src/test/resources
[INFO] 
[INFO] --- maven-compiler-plugin:3.11.0:testCompile (default-testCompile) @ my-app ---
[INFO] Changes detected - recompiling the module! :dependency
[INFO] Compiling 1 source file with javac [debug target 17] to target/test-classes
[WARNING] system modules path not set in conjunction with -source 17
[INFO] 
[INFO] --- maven-surefire-plugin:2.12.4:test (default-test) @ my-app ---
[INFO] Surefire report directory: /home/ubuntu/devop/automation/my-app/target/surefire-reports

-------------------------------------------------------
 T E S T S
-------------------------------------------------------
Running com.example.AppTest
Tests run: 1, Failures: 0, Errors: 0, Skipped: 0, Time elapsed: 0.044 sec

Results :

Tests run: 1, Failures: 0, Errors: 0, Skipped: 0

[INFO] 
[INFO] --- maven-jar-plugin:2.4:jar (default-jar) @ my-app ---
[INFO] Building jar: /home/ubuntu/devop/automation/my-app/target/my-app-1.0-SNAPSHOT.jar
[INFO] ------------------------------------------------------------------------
[INFO] BUILD SUCCESS
[INFO] ------------------------------------------------------------------------
[INFO] Total time:  4.079 s
[INFO] Finished at: 2025-09-04T17:02:31Z
[INFO] ------------------------------------------------------------------------
